This is XeTeX, Version 3.141592653-2.6-0.999996 (TeX Live 2024) (preloaded format=xelatex 2024.9.20)  21 OCT 2024 16:33
entering extended mode
 restricted \write18 enabled.
 %&-line parsing enabled.
**_main.tex
(./_main.tex
LaTeX2e <2024-06-01> patch level 2
L3 programming layer <2024-08-30>
(c:/Users/RIENZIE/AppData/Roaming/TinyTeX/texmf-dist/tex/latex/base/book.cls
Document Class: book 2024/02/08 v1.4n Standard LaTeX document class
(c:/Users/RIENZIE/AppData/Roaming/TinyTeX/texmf-dist/tex/latex/base/bk10.clo
File: bk10.clo 2024/02/08 v1.4n Standard LaTeX file (size option)
)
\c@part=\count190
\c@chapter=\count191
\c@section=\count192
\c@subsection=\count193
\c@subsubsection=\count194
\c@paragraph=\count195
\c@subparagraph=\count196
\c@figure=\count197
\c@table=\count198
\abovecaptionskip=\skip49
\belowcaptionskip=\skip50
\bibindent=\dimen141
) (c:/Users/RIENZIE/AppData/Roaming/TinyTeX/texmf-dist/tex/latex/amsmath/amsmath.sty
Package: amsmath 2024/05/23 v2.17q AMS math features
\@mathmargin=\skip51
For additional information on amsmath, use the `?' option.
(c:/Users/RIENZIE/AppData/Roaming/TinyTeX/texmf-dist/tex/latex/amsmath/amstext.sty
Package: amstext 2021/08/26 v2.01 AMS text
(c:/Users/RIENZIE/AppData/Roaming/TinyTeX/texmf-dist/tex/latex/amsmath/amsgen.sty
File: amsgen.sty 1999/11/30 v2.0 generic functions
\@emptytoks=\toks17
\ex@=\dimen142
)) (c:/Users/RIENZIE/AppData/Roaming/TinyTeX/texmf-dist/tex/latex/amsmath/amsbsy.sty
Package: amsbsy 1999/11/29 v1.2d Bold Symbols
\pmbraise@=\dimen143
) (c:/Users/RIENZIE/AppData/Roaming/TinyTeX/texmf-dist/tex/latex/amsmath/amsopn.sty
Package: amsopn 2022/04/08 v2.04 operator names
)
\inf@bad=\count199
LaTeX Info: Redefining \frac on input line 233.
\uproot@=\count266
\leftroot@=\count267
LaTeX Info: Redefining \overline on input line 398.
LaTeX Info: Redefining \colon on input line 409.
\classnum@=\count268
\DOTSCASE@=\count269
LaTeX Info: Redefining \ldots on input line 495.
LaTeX Info: Redefining \dots on input line 498.
LaTeX Info: Redefining \cdots on input line 619.
\Mathstrutbox@=\box52
\strutbox@=\box53
LaTeX Info: Redefining \big on input line 721.
LaTeX Info: Redefining \Big on input line 722.
LaTeX Info: Redefining \bigg on input line 723.
LaTeX Info: Redefining \Bigg on input line 724.
\big@size=\dimen144
LaTeX Font Info:    Redeclaring font encoding OML on input line 742.
LaTeX Font Info:    Redeclaring font encoding OMS on input line 743.
\macc@depth=\count270
LaTeX Info: Redefining \bmod on input line 904.
LaTeX Info: Redefining \pmod on input line 909.
LaTeX Info: Redefining \smash on input line 939.
LaTeX Info: Redefining \relbar on input line 969.
LaTeX Info: Redefining \Relbar on input line 970.
\c@MaxMatrixCols=\count271
\dotsspace@=\muskip17
\c@parentequation=\count272
\dspbrk@lvl=\count273
\tag@help=\toks18
\row@=\count274
\column@=\count275
\maxfields@=\count276
\andhelp@=\toks19
\eqnshift@=\dimen145
\alignsep@=\dimen146
\tagshift@=\dimen147
\tagwidth@=\dimen148
\totwidth@=\dimen149
\lineht@=\dimen150
\@envbody=\toks20
\multlinegap=\skip52
\multlinetaggap=\skip53
\mathdisplay@stack=\toks21
LaTeX Info: Redefining \[ on input line 2953.
LaTeX Info: Redefining \] on input line 2954.
) (c:/Users/RIENZIE/AppData/Roaming/TinyTeX/texmf-dist/tex/latex/amsfonts/amssymb.sty
Package: amssymb 2013/01/14 v3.01 AMS font symbols
(c:/Users/RIENZIE/AppData/Roaming/TinyTeX/texmf-dist/tex/latex/amsfonts/amsfonts.sty
Package: amsfonts 2013/01/14 v3.01 Basic AMSFonts support
\symAMSa=\mathgroup4
\symAMSb=\mathgroup5
LaTeX Font Info:    Redeclaring math symbol \hbar on input line 98.
LaTeX Font Info:    Overwriting math alphabet `\mathfrak' in version `bold'
(Font)                  U/euf/m/n --> U/euf/b/n on input line 106.
)) (c:/Users/RIENZIE/AppData/Roaming/TinyTeX/texmf-dist/tex/generic/iftex/iftex.sty
Package: iftex 2022/02/03 v1.0f TeX engine tests
) (c:/Users/RIENZIE/AppData/Roaming/TinyTeX/texmf-dist/tex/latex/unicode-math/unicode-math.sty (c:/Users/RIENZIE/AppData/Roaming/TinyTeX/texmf-dist/tex/latex/l3kernel/expl3.sty
Package: expl3 2024-08-30 L3 programming layer (loader) 
(c:/Users/RIENZIE/AppData/Roaming/TinyTeX/texmf-dist/tex/latex/l3backend/l3backend-xetex.def
File: l3backend-xetex.def 2024-05-08 L3 backend support: XeTeX
\g__graphics_track_int=\count277
\l__pdf_internal_box=\box54
\g__pdf_backend_annotation_int=\count278
\g__pdf_backend_link_int=\count279
))
Package: unicode-math 2023/08/13 v0.8r Unicode maths in XeLaTeX and LuaLaTeX
(c:/Users/RIENZIE/AppData/Roaming/TinyTeX/texmf-dist/tex/latex/unicode-math/unicode-math-xetex.sty
Package: unicode-math-xetex 2023/08/13 v0.8r Unicode maths in XeLaTeX and LuaLaTeX
(c:/Users/RIENZIE/AppData/Roaming/TinyTeX/texmf-dist/tex/latex/l3packages/xparse/xparse.sty
Package: xparse 2024-08-16 L3 Experimental document command parser
) (c:/Users/RIENZIE/AppData/Roaming/TinyTeX/texmf-dist/tex/latex/l3packages/l3keys2e/l3keys2e.sty
Package: l3keys2e 2024-08-16 LaTeX2e option processing using LaTeX3 keys
) (c:/Users/RIENZIE/AppData/Roaming/TinyTeX/texmf-dist/tex/latex/fontspec/fontspec.sty
Package: fontspec 2024/05/11 v2.9e Font selection for XeLaTeX and LuaLaTeX
(c:/Users/RIENZIE/AppData/Roaming/TinyTeX/texmf-dist/tex/latex/fontspec/fontspec-xetex.sty
Package: fontspec-xetex 2024/05/11 v2.9e Font selection for XeLaTeX and LuaLaTeX
\l__fontspec_script_int=\count280
\l__fontspec_language_int=\count281
\l__fontspec_strnum_int=\count282
\l__fontspec_tmp_int=\count283
\l__fontspec_tmpa_int=\count284
\l__fontspec_tmpb_int=\count285
\l__fontspec_tmpc_int=\count286
\l__fontspec_em_int=\count287
\l__fontspec_emdef_int=\count288
\l__fontspec_strong_int=\count289
\l__fontspec_strongdef_int=\count290
\l__fontspec_tmpa_dim=\dimen151
\l__fontspec_tmpb_dim=\dimen152
\l__fontspec_tmpc_dim=\dimen153
(c:/Users/RIENZIE/AppData/Roaming/TinyTeX/texmf-dist/tex/latex/base/fontenc.sty
Package: fontenc 2021/04/29 v2.0v Standard LaTeX package
) (c:/Users/RIENZIE/AppData/Roaming/TinyTeX/texmf-dist/tex/latex/fontspec/fontspec.cfg))) (c:/Users/RIENZIE/AppData/Roaming/TinyTeX/texmf-dist/tex/latex/base/fix-cm.sty
Package: fix-cm 2020/11/24 v1.1t fixes to LaTeX
(c:/Users/RIENZIE/AppData/Roaming/TinyTeX/texmf-dist/tex/latex/base/ts1enc.def
File: ts1enc.def 2001/06/05 v3.0e (jk/car/fm) Standard LaTeX file
LaTeX Font Info:    Redeclaring font encoding TS1 on input line 47.
))
\g__um_fam_int=\count291
\g__um_fonts_used_int=\count292
\l__um_primecount_int=\count293
\g__um_primekern_muskip=\muskip18
(c:/Users/RIENZIE/AppData/Roaming/TinyTeX/texmf-dist/tex/latex/unicode-math/unicode-math-table.tex))) (c:/Users/RIENZIE/AppData/Roaming/TinyTeX/texmf-dist/tex/latex/lm/lmodern.sty
Package: lmodern 2015/05/01 v1.6.1 Latin Modern Fonts
LaTeX Font Info:    Overwriting symbol font `operators' in version `normal'
(Font)                  OT1/cmr/m/n --> OT1/lmr/m/n on input line 22.
LaTeX Font Info:    Overwriting symbol font `letters' in version `normal'
(Font)                  OML/cmm/m/it --> OML/lmm/m/it on input line 23.
LaTeX Font Info:    Overwriting symbol font `symbols' in version `normal'
(Font)                  OMS/cmsy/m/n --> OMS/lmsy/m/n on input line 24.
LaTeX Font Info:    Overwriting symbol font `largesymbols' in version `normal'
(Font)                  OMX/cmex/m/n --> OMX/lmex/m/n on input line 25.
LaTeX Font Info:    Overwriting symbol font `operators' in version `bold'
(Font)                  OT1/cmr/bx/n --> OT1/lmr/bx/n on input line 26.
LaTeX Font Info:    Overwriting symbol font `letters' in version `bold'
(Font)                  OML/cmm/b/it --> OML/lmm/b/it on input line 27.
LaTeX Font Info:    Overwriting symbol font `symbols' in version `bold'
(Font)                  OMS/cmsy/b/n --> OMS/lmsy/b/n on input line 28.
LaTeX Font Info:    Overwriting symbol font `largesymbols' in version `bold'
(Font)                  OMX/cmex/m/n --> OMX/lmex/m/n on input line 29.
LaTeX Font Info:    Overwriting math alphabet `\mathbf' in version `normal'
(Font)                  OT1/cmr/bx/n --> OT1/lmr/bx/n on input line 31.
LaTeX Font Info:    Overwriting math alphabet `\mathsf' in version `normal'
(Font)                  OT1/cmss/m/n --> OT1/lmss/m/n on input line 32.
LaTeX Font Info:    Overwriting math alphabet `\mathit' in version `normal'
(Font)                  OT1/cmr/m/it --> OT1/lmr/m/it on input line 33.
LaTeX Font Info:    Overwriting math alphabet `\mathtt' in version `normal'
(Font)                  OT1/cmtt/m/n --> OT1/lmtt/m/n on input line 34.
LaTeX Font Info:    Overwriting math alphabet `\mathbf' in version `bold'
(Font)                  OT1/cmr/bx/n --> OT1/lmr/bx/n on input line 35.
LaTeX Font Info:    Overwriting math alphabet `\mathsf' in version `bold'
(Font)                  OT1/cmss/bx/n --> OT1/lmss/bx/n on input line 36.
LaTeX Font Info:    Overwriting math alphabet `\mathit' in version `bold'
(Font)                  OT1/cmr/bx/it --> OT1/lmr/bx/it on input line 37.
LaTeX Font Info:    Overwriting math alphabet `\mathtt' in version `bold'
(Font)                  OT1/cmtt/m/n --> OT1/lmtt/m/n on input line 38.
) (c:/Users/RIENZIE/AppData/Roaming/TinyTeX/texmf-dist/tex/latex/xcolor/xcolor.sty
Package: xcolor 2023/11/15 v3.01 LaTeX color extensions (UK)
(c:/Users/RIENZIE/AppData/Roaming/TinyTeX/texmf-dist/tex/latex/graphics-cfg/color.cfg
File: color.cfg 2016/01/02 v1.6 sample color configuration
)
Package xcolor Info: Driver file: xetex.def on input line 274.
(c:/Users/RIENZIE/AppData/Roaming/TinyTeX/texmf-dist/tex/latex/graphics-def/xetex.def
File: xetex.def 2022/09/22 v5.0n Graphics/color driver for xetex
) (c:/Users/RIENZIE/AppData/Roaming/TinyTeX/texmf-dist/tex/latex/graphics/mathcolor.ltx)
Package xcolor Info: Model `cmy' substituted by `cmy0' on input line 1350.
Package xcolor Info: Model `RGB' extended on input line 1366.
Package xcolor Info: Model `HTML' substituted by `rgb' on input line 1368.
Package xcolor Info: Model `Hsb' substituted by `hsb' on input line 1369.
Package xcolor Info: Model `tHsb' substituted by `hsb' on input line 1370.
Package xcolor Info: Model `HSB' substituted by `hsb' on input line 1371.
Package xcolor Info: Model `Gray' substituted by `gray' on input line 1372.
Package xcolor Info: Model `wave' substituted by `hsb' on input line 1373.
) (c:/Users/RIENZIE/AppData/Roaming/TinyTeX/texmf-dist/tex/latex/tools/longtable.sty
Package: longtable 2024-04-26 v4.20 Multi-page Table package (DPC)
\LTleft=\skip54
\LTright=\skip55
\LTpre=\skip56
\LTpost=\skip57
\LTchunksize=\count294
\LTcapwidth=\dimen154
\LT@head=\box55
\LT@firsthead=\box56
\LT@foot=\box57
\LT@lastfoot=\box58
\LT@gbox=\box59
\LT@cols=\count295
\LT@rows=\count296
\c@LT@tables=\count297
\c@LT@chunks=\count298
\LT@p@ftn=\toks22
) (c:/Users/RIENZIE/AppData/Roaming/TinyTeX/texmf-dist/tex/latex/booktabs/booktabs.sty
Package: booktabs 2020/01/12 v1.61803398 Publication quality tables
\heavyrulewidth=\dimen155
\lightrulewidth=\dimen156
\cmidrulewidth=\dimen157
\belowrulesep=\dimen158
\belowbottomsep=\dimen159
\aboverulesep=\dimen160
\abovetopsep=\dimen161
\cmidrulesep=\dimen162
\cmidrulekern=\dimen163
\defaultaddspace=\dimen164
\@cmidla=\count299
\@cmidlb=\count300
\@aboverulesep=\dimen165
\@belowrulesep=\dimen166
\@thisruleclass=\count301
\@lastruleclass=\count302
\@thisrulewidth=\dimen167
) (c:/Users/RIENZIE/AppData/Roaming/TinyTeX/texmf-dist/tex/latex/tools/array.sty
Package: array 2024/06/14 v2.6d Tabular extension package (FMi)
\col@sep=\dimen168
\ar@mcellbox=\box60
\extrarowheight=\dimen169
\NC@list=\toks23
\extratabsurround=\skip58
\backup@length=\skip59
\ar@cellbox=\box61
) (c:/Users/RIENZIE/AppData/Roaming/TinyTeX/texmf-dist/tex/latex/tools/calc.sty
Package: calc 2023/07/08 v4.3 Infix arithmetic (KKT,FJ)
\calc@Acount=\count303
\calc@Bcount=\count304
\calc@Adimen=\dimen170
\calc@Bdimen=\dimen171
\calc@Askip=\skip60
\calc@Bskip=\skip61
LaTeX Info: Redefining \setlength on input line 80.
LaTeX Info: Redefining \addtolength on input line 81.
\calc@Ccount=\count305
\calc@Cskip=\skip62
) (c:/Users/RIENZIE/AppData/Roaming/TinyTeX/texmf-dist/tex/latex/etoolbox/etoolbox.sty
Package: etoolbox 2020/10/05 v2.5k e-TeX tools for LaTeX (JAW)
\etb@tempcnta=\count306
) (c:/Users/RIENZIE/AppData/Roaming/TinyTeX/texmf-dist/tex/latex/mdwtools/footnote.sty
Package: footnote 1997/01/28 1.13 Save footnotes around boxes
\fn@notes=\box62
\fn@width=\dimen172
) (c:/Users/RIENZIE/AppData/Roaming/TinyTeX/texmf-dist/tex/latex/graphics/graphicx.sty
Package: graphicx 2021/09/16 v1.2d Enhanced LaTeX Graphics (DPC,SPQR)
(c:/Users/RIENZIE/AppData/Roaming/TinyTeX/texmf-dist/tex/latex/graphics/keyval.sty
Package: keyval 2022/05/29 v1.15 key=value parser (DPC)
\KV@toks@=\toks24
) (c:/Users/RIENZIE/AppData/Roaming/TinyTeX/texmf-dist/tex/latex/graphics/graphics.sty
Package: graphics 2024/05/23 v1.4g Standard LaTeX Graphics (DPC,SPQR)
(c:/Users/RIENZIE/AppData/Roaming/TinyTeX/texmf-dist/tex/latex/graphics/trig.sty
Package: trig 2023/12/02 v1.11 sin cos tan (DPC)
) (c:/Users/RIENZIE/AppData/Roaming/TinyTeX/texmf-dist/tex/latex/graphics-cfg/graphics.cfg
File: graphics.cfg 2016/06/04 v1.11 sample graphics configuration
)
Package graphics Info: Driver file: xetex.def on input line 106.
)
\Gin@req@height=\dimen173
\Gin@req@width=\dimen174
) (c:/Users/RIENZIE/AppData/Roaming/TinyTeX/texmf-dist/tex/latex/natbib/natbib.sty
Package: natbib 2010/09/13 8.31b (PWD, AO)
\bibhang=\skip63
\bibsep=\skip64
LaTeX Info: Redefining \cite on input line 694.
\c@NAT@ctr=\count307
) (c:/Users/RIENZIE/AppData/Roaming/TinyTeX/texmf-dist/tex/latex/bookmark/bookmark.sty
Package: bookmark 2023-12-10 v1.31 PDF bookmarks (HO)
(c:/Users/RIENZIE/AppData/Roaming/TinyTeX/texmf-dist/tex/latex/hyperref/hyperref.sty
Package: hyperref 2024-07-10 v7.01j Hypertext links for LaTeX
(c:/Users/RIENZIE/AppData/Roaming/TinyTeX/texmf-dist/tex/latex/kvsetkeys/kvsetkeys.sty
Package: kvsetkeys 2022-10-05 v1.19 Key value parser (HO)
) (c:/Users/RIENZIE/AppData/Roaming/TinyTeX/texmf-dist/tex/generic/kvdefinekeys/kvdefinekeys.sty
Package: kvdefinekeys 2019-12-19 v1.6 Define keys (HO)
) (c:/Users/RIENZIE/AppData/Roaming/TinyTeX/texmf-dist/tex/generic/pdfescape/pdfescape.sty
Package: pdfescape 2019/12/09 v1.15 Implements pdfTeX's escape features (HO)
(c:/Users/RIENZIE/AppData/Roaming/TinyTeX/texmf-dist/tex/generic/ltxcmds/ltxcmds.sty
Package: ltxcmds 2023-12-04 v1.26 LaTeX kernel commands for general use (HO)
) (c:/Users/RIENZIE/AppData/Roaming/TinyTeX/texmf-dist/tex/generic/pdftexcmds/pdftexcmds.sty
Package: pdftexcmds 2020-06-27 v0.33 Utility functions of pdfTeX for LuaTeX (HO)
(c:/Users/RIENZIE/AppData/Roaming/TinyTeX/texmf-dist/tex/generic/infwarerr/infwarerr.sty
Package: infwarerr 2019/12/03 v1.5 Providing info/warning/error messages (HO)
)
Package pdftexcmds Info: \pdf@primitive is available.
Package pdftexcmds Info: \pdf@ifprimitive is available.
Package pdftexcmds Info: \pdfdraftmode not found.
)) (c:/Users/RIENZIE/AppData/Roaming/TinyTeX/texmf-dist/tex/latex/hycolor/hycolor.sty
Package: hycolor 2020-01-27 v1.10 Color options for hyperref/bookmark (HO)
) (c:/Users/RIENZIE/AppData/Roaming/TinyTeX/texmf-dist/tex/latex/hyperref/nameref.sty
Package: nameref 2023-11-26 v2.56 Cross-referencing by name of section
(c:/Users/RIENZIE/AppData/Roaming/TinyTeX/texmf-dist/tex/latex/refcount/refcount.sty
Package: refcount 2019/12/15 v3.6 Data extraction from label references (HO)
) (c:/Users/RIENZIE/AppData/Roaming/TinyTeX/texmf-dist/tex/generic/gettitlestring/gettitlestring.sty
Package: gettitlestring 2019/12/15 v1.6 Cleanup title references (HO)
(c:/Users/RIENZIE/AppData/Roaming/TinyTeX/texmf-dist/tex/latex/kvoptions/kvoptions.sty
Package: kvoptions 2022-06-15 v3.15 Key value format for package options (HO)
))
\c@section@level=\count308
) (c:/Users/RIENZIE/AppData/Roaming/TinyTeX/texmf-dist/tex/generic/stringenc/stringenc.sty
Package: stringenc 2019/11/29 v1.12 Convert strings between diff. encodings (HO)
)
\@linkdim=\dimen175
\Hy@linkcounter=\count309
\Hy@pagecounter=\count310
(c:/Users/RIENZIE/AppData/Roaming/TinyTeX/texmf-dist/tex/latex/hyperref/pd1enc.def
File: pd1enc.def 2024-07-10 v7.01j Hyperref: PDFDocEncoding definition (HO)
) (c:/Users/RIENZIE/AppData/Roaming/TinyTeX/texmf-dist/tex/generic/intcalc/intcalc.sty
Package: intcalc 2019/12/15 v1.3 Expandable calculations with integers (HO)
)
\Hy@SavedSpaceFactor=\count311
(c:/Users/RIENZIE/AppData/Roaming/TinyTeX/texmf-dist/tex/latex/hyperref/puenc.def
File: puenc.def 2024-07-10 v7.01j Hyperref: PDF Unicode definition (HO)
)
Package hyperref Info: Option `unicode' set `true' on input line 4040.
Package hyperref Info: Hyper figures OFF on input line 4157.
Package hyperref Info: Link nesting OFF on input line 4162.
Package hyperref Info: Hyper index ON on input line 4165.
Package hyperref Info: Plain pages OFF on input line 4172.
Package hyperref Info: Backreferencing OFF on input line 4177.
Package hyperref Info: Implicit mode ON; LaTeX internals redefined.
Package hyperref Info: Bookmarks ON on input line 4424.
\c@Hy@tempcnt=\count312
(c:/Users/RIENZIE/AppData/Roaming/TinyTeX/texmf-dist/tex/latex/url/url.sty
\Urlmuskip=\muskip19
Package: url 2013/09/16  ver 3.4  Verb mode for urls, etc.
)
LaTeX Info: Redefining \url on input line 4763.
\XeTeXLinkMargin=\dimen176
(c:/Users/RIENZIE/AppData/Roaming/TinyTeX/texmf-dist/tex/generic/bitset/bitset.sty
Package: bitset 2019/12/09 v1.3 Handle bit-vector datatype (HO)
(c:/Users/RIENZIE/AppData/Roaming/TinyTeX/texmf-dist/tex/generic/bigintcalc/bigintcalc.sty
Package: bigintcalc 2019/12/15 v1.5 Expandable calculations on big integers (HO)
))
\Fld@menulength=\count313
\Field@Width=\dimen177
\Fld@charsize=\dimen178
Package hyperref Info: Hyper figures OFF on input line 6042.
Package hyperref Info: Link nesting OFF on input line 6047.
Package hyperref Info: Hyper index ON on input line 6050.
Package hyperref Info: backreferencing OFF on input line 6057.
Package hyperref Info: Link coloring OFF on input line 6062.
Package hyperref Info: Link coloring with OCG OFF on input line 6067.
Package hyperref Info: PDF/A mode OFF on input line 6072.
(c:/Users/RIENZIE/AppData/Roaming/TinyTeX/texmf-dist/tex/latex/base/atbegshi-ltx.sty
Package: atbegshi-ltx 2021/01/10 v1.0c Emulation of the original atbegshi
package with kernel methods
)
\Hy@abspage=\count314
\c@Item=\count315
\c@Hfootnote=\count316
)
Package hyperref Info: Driver (autodetected): hxetex.
(c:/Users/RIENZIE/AppData/Roaming/TinyTeX/texmf-dist/tex/latex/hyperref/hxetex.def
File: hxetex.def 2024-07-10 v7.01j Hyperref driver for XeTeX
\pdfm@box=\box63
\c@Hy@AnnotLevel=\count317
\HyField@AnnotCount=\count318
\Fld@listcount=\count319
\c@bookmark@seq@number=\count320
(c:/Users/RIENZIE/AppData/Roaming/TinyTeX/texmf-dist/tex/latex/rerunfilecheck/rerunfilecheck.sty
Package: rerunfilecheck 2022-07-10 v1.10 Rerun checks for auxiliary files (HO)
(c:/Users/RIENZIE/AppData/Roaming/TinyTeX/texmf-dist/tex/latex/base/atveryend-ltx.sty
Package: atveryend-ltx 2020/08/19 v1.0a Emulation of the original atveryend package
with kernel methods
) (c:/Users/RIENZIE/AppData/Roaming/TinyTeX/texmf-dist/tex/generic/uniquecounter/uniquecounter.sty
Package: uniquecounter 2019/12/15 v1.4 Provide unlimited unique counter (HO)
)
Package uniquecounter Info: New unique counter `rerunfilecheck' on input line 285.
)
\Hy@SectionHShift=\skip65
) (c:/Users/RIENZIE/AppData/Roaming/TinyTeX/texmf-dist/tex/latex/bookmark/bkm-dvipdfm.def
File: bkm-dvipdfm.def 2023-12-10 v1.31 bookmark driver for dvipdfm (HO)
\BKM@id=\count321
)) (c:/Users/RIENZIE/AppData/Roaming/TinyTeX/texmf-dist/tex/latex/amscls/amsthm.sty
Package: amsthm 2020/05/29 v2.20.6
\thm@style=\toks25
\thm@bodyfont=\toks26
\thm@headfont=\toks27
\thm@notefont=\toks28
\thm@headpunct=\toks29
\thm@preskip=\skip66
\thm@postskip=\skip67
\thm@headsep=\skip68
\dth@everypar=\toks30
)
\c@theorem=\count322
\c@lemma=\count323
\c@corollary=\count324
\c@proposition=\count325
\c@conjecture=\count326
\c@definition=\count327
\c@example=\count328
\c@exercise=\count329
\c@hypothesis=\count330
(./_main.aux)
\openout1 = `_main.aux'.

LaTeX Font Info:    Checking defaults for OML/cmm/m/it on input line 102.
LaTeX Font Info:    ... okay on input line 102.
LaTeX Font Info:    Checking defaults for OMS/cmsy/m/n on input line 102.
LaTeX Font Info:    ... okay on input line 102.
LaTeX Font Info:    Checking defaults for OT1/cmr/m/n on input line 102.
LaTeX Font Info:    ... okay on input line 102.
LaTeX Font Info:    Checking defaults for T1/cmr/m/n on input line 102.
LaTeX Font Info:    ... okay on input line 102.
LaTeX Font Info:    Checking defaults for TS1/cmr/m/n on input line 102.
LaTeX Font Info:    ... okay on input line 102.
LaTeX Font Info:    Checking defaults for TU/lmr/m/n on input line 102.
LaTeX Font Info:    ... okay on input line 102.
LaTeX Font Info:    Checking defaults for OMX/cmex/m/n on input line 102.
LaTeX Font Info:    ... okay on input line 102.
LaTeX Font Info:    Checking defaults for U/cmr/m/n on input line 102.
LaTeX Font Info:    ... okay on input line 102.
LaTeX Font Info:    Checking defaults for PD1/pdf/m/n on input line 102.
LaTeX Font Info:    ... okay on input line 102.
LaTeX Font Info:    Checking defaults for PU/pdf/m/n on input line 102.
LaTeX Font Info:    ... okay on input line 102.
LaTeX Font Info:    Overwriting math alphabet `\mathrm' in version `normal'
(Font)                  OT1/lmr/m/n --> TU/lmr/m/n on input line 102.
LaTeX Font Info:    Overwriting math alphabet `\mathit' in version `normal'
(Font)                  OT1/lmr/m/it --> TU/lmr/m/it on input line 102.
LaTeX Font Info:    Overwriting math alphabet `\mathbf' in version `normal'
(Font)                  OT1/lmr/bx/n --> TU/lmr/bx/n on input line 102.
LaTeX Font Info:    Overwriting math alphabet `\mathsf' in version `normal'
(Font)                  OT1/lmss/m/n --> TU/lmss/m/n on input line 102.
LaTeX Font Info:    Overwriting math alphabet `\mathsf' in version `bold'
(Font)                  OT1/lmss/bx/n --> TU/lmss/bx/n on input line 102.
LaTeX Font Info:    Overwriting math alphabet `\mathtt' in version `normal'
(Font)                  OT1/lmtt/m/n --> TU/lmtt/m/n on input line 102.
LaTeX Font Info:    Overwriting math alphabet `\mathtt' in version `bold'
(Font)                  OT1/lmtt/m/n --> TU/lmtt/bx/n on input line 102.

Package fontspec Info: 
(fontspec)             latinmodern-math scale = 0.9999964596882403.


Package fontspec Info: 
(fontspec)             latinmodern-math scale = 0.9999964596882403.


Package fontspec Info: 
(fontspec)             latinmodern-math scale = 0.9999964596882403.


Package fontspec Info: 
(fontspec)             Font family 'latinmodern-math.otf(0)' created for font
(fontspec)             'latinmodern-math.otf' with options
(fontspec)             [Scale=MatchLowercase,BoldItalicFont={},ItalicFont={},SmallCapsFont={},Script=Math,BoldFont={latinmodern-math.otf}].
(fontspec)              
(fontspec)              This font family consists of the following NFSS
(fontspec)             series/shapes:
(fontspec)              
(fontspec)             - 'normal' (m/n) with NFSS spec.:
(fontspec)             <->s*[0.9999964596882403]"[latinmodern-math.otf]/OT:script=math;language=dflt;"
(fontspec)             - 'bold' (b/n) with NFSS spec.:
(fontspec)             <->s*[0.9999964596882403]"[latinmodern-math.otf]/OT:script=math;language=dflt;"

LaTeX Font Info:    Font shape `TU/latinmodern-math.otf(0)/m/n' will be
(Font)              scaled to size 10.0pt on input line 102.

Package fontspec Info: 
(fontspec)             latinmodern-math scale = 0.9999964596882403.


Package fontspec Info: 
(fontspec)             latinmodern-math scale = 0.9999964596882403.


Package fontspec Info: 
(fontspec)             latinmodern-math scale = 0.9999964596882403.


Package fontspec Info: 
(fontspec)             latinmodern-math scale = 0.9999964596882403.


Package fontspec Info: 
(fontspec)             latinmodern-math scale = 0.9999964596882403.


Package fontspec Info: 
(fontspec)             Font family 'latinmodern-math.otf(1)' created for font
(fontspec)             'latinmodern-math.otf' with options
(fontspec)             [Scale=MatchLowercase,BoldItalicFont={},ItalicFont={},SmallCapsFont={},Script=Math,SizeFeatures={{Size=8.5-},{Size=6-8.5,Font=latinmodern-math.otf,Style=MathScript},{Size=-6,Font=latinmodern-math.otf,Style=MathScriptScript}},BoldFont={latinmodern-math.otf}].
(fontspec)              
(fontspec)              This font family consists of the following NFSS
(fontspec)             series/shapes:
(fontspec)              
(fontspec)             - 'normal' (m/n) with NFSS spec.:
(fontspec)             <8.5->s*[0.9999964596882403]"[latinmodern-math.otf]/OT:script=math;language=dflt;"<6-8.5>s*[0.9999964596882403]"[latinmodern-math.otf]/OT:script=math;language=dflt;+ssty=0;"<-6>s*[0.9999964596882403]"[latinmodern-math.otf]/OT:script=math;language=dflt;+ssty=1;"
(fontspec)             - 'bold' (b/n) with NFSS spec.:
(fontspec)             <->s*[0.9999964596882403]"[latinmodern-math.otf]/OT:script=math;language=dflt;"

LaTeX Font Info:    Font shape `TU/latinmodern-math.otf(1)/m/n' will be
(Font)              scaled to size 10.0pt on input line 102.
LaTeX Font Info:    Encoding `OT1' has changed to `TU' for symbol font
(Font)              `operators' in the math version `normal' on input line 102.
LaTeX Font Info:    Overwriting symbol font `operators' in version `normal'
(Font)                  OT1/lmr/m/n --> TU/latinmodern-math.otf(1)/m/n on input line 102.
LaTeX Font Info:    Encoding `OT1' has changed to `TU' for symbol font
(Font)              `operators' in the math version `bold' on input line 102.
LaTeX Font Info:    Overwriting symbol font `operators' in version `bold'
(Font)                  OT1/lmr/bx/n --> TU/latinmodern-math.otf(1)/b/n on input line 102.

Package fontspec Info: 
(fontspec)             latinmodern-math scale = 0.9999964596882403.


Package fontspec Info: 
(fontspec)             latinmodern-math scale = 1.000096459334209.


Package fontspec Info: 
(fontspec)             latinmodern-math scale = 0.9999964596882403.


Package fontspec Info: 
(fontspec)             latinmodern-math scale = 1.000096459334209.


Package fontspec Info: 
(fontspec)             latinmodern-math scale = 0.9999964596882403.


Package fontspec Info: 
(fontspec)             latinmodern-math scale = 1.000096459334209.


Package fontspec Info: 
(fontspec)             latinmodern-math scale = 0.9999964596882403.


Package fontspec Info: 
(fontspec)             latinmodern-math scale = 1.000096459334209.


Package fontspec Info: 
(fontspec)             latinmodern-math scale = 0.9999964596882403.


Package fontspec Info: 
(fontspec)             latinmodern-math scale = 1.000096459334209.


Package fontspec Info: 
(fontspec)             Font family 'latinmodern-math.otf(2)' created for font
(fontspec)             'latinmodern-math.otf' with options
(fontspec)             [Scale=MatchLowercase,BoldItalicFont={},ItalicFont={},SmallCapsFont={},Script=Math,SizeFeatures={{Size=8.5-},{Size=6-8.5,Font=latinmodern-math.otf,Style=MathScript},{Size=-6,Font=latinmodern-math.otf,Style=MathScriptScript}},BoldFont={latinmodern-math.otf},ScaleAgain=1.0001,FontAdjustment={\fontdimen
(fontspec)             8\font =6.77pt\relax \fontdimen 9\font =3.94pt\relax
(fontspec)             \fontdimen 10\font =4.44pt\relax \fontdimen 11\font
(fontspec)             =6.86pt\relax \fontdimen 12\font =3.45pt\relax
(fontspec)             \fontdimen 13\font =3.63pt\relax \fontdimen 14\font
(fontspec)             =3.63pt\relax \fontdimen 15\font =2.89pt\relax
(fontspec)             \fontdimen 16\font =2.47pt\relax \fontdimen 17\font
(fontspec)             =2.47pt\relax \fontdimen 18\font =2.5pt\relax
(fontspec)             \fontdimen 19\font =2.0pt\relax \fontdimen 22\font
(fontspec)             =2.5pt\relax \fontdimen 20\font =0pt\relax \fontdimen
(fontspec)             21\font =0pt\relax }].
(fontspec)              
(fontspec)              This font family consists of the following NFSS
(fontspec)             series/shapes:
(fontspec)              
(fontspec)             - 'normal' (m/n) with NFSS spec.:
(fontspec)             <8.5->s*[1.000096459334209]"[latinmodern-math.otf]/OT:script=math;language=dflt;"<6-8.5>s*[1.000096459334209]"[latinmodern-math.otf]/OT:script=math;language=dflt;+ssty=0;"<-6>s*[1.000096459334209]"[latinmodern-math.otf]/OT:script=math;language=dflt;+ssty=1;"
(fontspec)             - 'bold' (b/n) with NFSS spec.:
(fontspec)             <->s*[1.000096459334209]"[latinmodern-math.otf]/OT:script=math;language=dflt;"

LaTeX Font Info:    Encoding `OMS' has changed to `TU' for symbol font
(Font)              `symbols' in the math version `normal' on input line 102.
LaTeX Font Info:    Overwriting symbol font `symbols' in version `normal'
(Font)                  OMS/lmsy/m/n --> TU/latinmodern-math.otf(2)/m/n on input line 102.
LaTeX Font Info:    Encoding `OMS' has changed to `TU' for symbol font
(Font)              `symbols' in the math version `bold' on input line 102.
LaTeX Font Info:    Overwriting symbol font `symbols' in version `bold'
(Font)                  OMS/lmsy/b/n --> TU/latinmodern-math.otf(2)/b/n on input line 102.

Package fontspec Info: 
(fontspec)             latinmodern-math scale = 0.9999964596882403.


Package fontspec Info: 
(fontspec)             latinmodern-math scale = 0.9998964600422715.


Package fontspec Info: 
(fontspec)             latinmodern-math scale = 0.9999964596882403.


Package fontspec Info: 
(fontspec)             latinmodern-math scale = 0.9998964600422715.


Package fontspec Info: 
(fontspec)             latinmodern-math scale = 0.9999964596882403.


Package fontspec Info: 
(fontspec)             latinmodern-math scale = 0.9998964600422715.


Package fontspec Info: 
(fontspec)             latinmodern-math scale = 0.9999964596882403.


Package fontspec Info: 
(fontspec)             latinmodern-math scale = 0.9998964600422715.


Package fontspec Info: 
(fontspec)             latinmodern-math scale = 0.9999964596882403.


Package fontspec Info: 
(fontspec)             latinmodern-math scale = 0.9998964600422715.


Package fontspec Info: 
(fontspec)             Font family 'latinmodern-math.otf(3)' created for font
(fontspec)             'latinmodern-math.otf' with options
(fontspec)             [Scale=MatchLowercase,BoldItalicFont={},ItalicFont={},SmallCapsFont={},Script=Math,SizeFeatures={{Size=8.5-},{Size=6-8.5,Font=latinmodern-math.otf,Style=MathScript},{Size=-6,Font=latinmodern-math.otf,Style=MathScriptScript}},BoldFont={latinmodern-math.otf},ScaleAgain=0.9999,FontAdjustment={\fontdimen
(fontspec)             8\font =0.4pt\relax \fontdimen 9\font =2.0pt\relax
(fontspec)             \fontdimen 10\font =1.67pt\relax \fontdimen 11\font
(fontspec)             =1.11pt\relax \fontdimen 12\font =6.0pt\relax
(fontspec)             \fontdimen 13\font =0pt\relax }].
(fontspec)              
(fontspec)              This font family consists of the following NFSS
(fontspec)             series/shapes:
(fontspec)              
(fontspec)             - 'normal' (m/n) with NFSS spec.:
(fontspec)             <8.5->s*[0.9998964600422715]"[latinmodern-math.otf]/OT:script=math;language=dflt;"<6-8.5>s*[0.9998964600422715]"[latinmodern-math.otf]/OT:script=math;language=dflt;+ssty=0;"<-6>s*[0.9998964600422715]"[latinmodern-math.otf]/OT:script=math;language=dflt;+ssty=1;"
(fontspec)             - 'bold' (b/n) with NFSS spec.:
(fontspec)             <->s*[0.9998964600422715]"[latinmodern-math.otf]/OT:script=math;language=dflt;"

LaTeX Font Info:    Encoding `OMX' has changed to `TU' for symbol font
(Font)              `largesymbols' in the math version `normal' on input line 102.
LaTeX Font Info:    Overwriting symbol font `largesymbols' in version `normal'
(Font)                  OMX/lmex/m/n --> TU/latinmodern-math.otf(3)/m/n on input line 102.
LaTeX Font Info:    Encoding `OMX' has changed to `TU' for symbol font
(Font)              `largesymbols' in the math version `bold' on input line 102.
LaTeX Font Info:    Overwriting symbol font `largesymbols' in version `bold'
(Font)                  OMX/lmex/m/n --> TU/latinmodern-math.otf(3)/b/n on input line 102.
Package hyperref Info: Link coloring OFF on input line 102.
LaTeX Font Info:    Font shape `TU/latinmodern-math.otf(1)/m/n' will be
(Font)              scaled to size 12.0pt on input line 104.
LaTeX Font Info:    Font shape `TU/latinmodern-math.otf(1)/m/n' will be
(Font)              scaled to size 8.0pt on input line 104.
LaTeX Font Info:    Font shape `TU/latinmodern-math.otf(1)/m/n' will be
(Font)              scaled to size 6.0pt on input line 104.
LaTeX Font Info:    Trying to load font information for OML+lmm on input line 104.
(c:/Users/RIENZIE/AppData/Roaming/TinyTeX/texmf-dist/tex/latex/lm/omllmm.fd
File: omllmm.fd 2015/05/01 v1.6.1 Font defs for Latin Modern
)
LaTeX Font Info:    Font shape `TU/latinmodern-math.otf(2)/m/n' will be
(Font)              scaled to size 12.0011pt on input line 104.
LaTeX Font Info:    Font shape `TU/latinmodern-math.otf(2)/m/n' will be
(Font)              scaled to size 8.00073pt on input line 104.
LaTeX Font Info:    Font shape `TU/latinmodern-math.otf(2)/m/n' will be
(Font)              scaled to size 6.00055pt on input line 104.
LaTeX Font Info:    Font shape `TU/latinmodern-math.otf(3)/m/n' will be
(Font)              scaled to size 11.99872pt on input line 104.
LaTeX Font Info:    Font shape `TU/latinmodern-math.otf(3)/m/n' will be
(Font)              scaled to size 7.99915pt on input line 104.
LaTeX Font Info:    Font shape `TU/latinmodern-math.otf(3)/m/n' will be
(Font)              scaled to size 5.99936pt on input line 104.
LaTeX Font Info:    Trying to load font information for U+msa on input line 104.
(c:/Users/RIENZIE/AppData/Roaming/TinyTeX/texmf-dist/tex/latex/amsfonts/umsa.fd
File: umsa.fd 2013/01/14 v3.01 AMS symbols A
)
LaTeX Font Info:    Trying to load font information for U+msb on input line 104.
(c:/Users/RIENZIE/AppData/Roaming/TinyTeX/texmf-dist/tex/latex/amsfonts/umsb.fd
File: umsb.fd 2013/01/14 v3.01 AMS symbols B
)

[1


]

[2

] (./_main.toc
LaTeX Font Info:    Font shape `TU/latinmodern-math.otf(1)/m/n' will be
(Font)              scaled to size 7.0pt on input line 2.
LaTeX Font Info:    Font shape `TU/latinmodern-math.otf(1)/m/n' will be
(Font)              scaled to size 5.0pt on input line 2.
LaTeX Font Info:    Font shape `TU/latinmodern-math.otf(2)/m/n' will be
(Font)              scaled to size 10.00092pt on input line 2.
LaTeX Font Info:    Font shape `TU/latinmodern-math.otf(2)/m/n' will be
(Font)              scaled to size 7.00064pt on input line 2.
LaTeX Font Info:    Font shape `TU/latinmodern-math.otf(2)/m/n' will be
(Font)              scaled to size 5.00046pt on input line 2.
LaTeX Font Info:    Font shape `TU/latinmodern-math.otf(3)/m/n' will be
(Font)              scaled to size 9.99893pt on input line 2.
LaTeX Font Info:    Font shape `TU/latinmodern-math.otf(3)/m/n' will be
(Font)              scaled to size 6.99925pt on input line 2.
LaTeX Font Info:    Font shape `TU/latinmodern-math.otf(3)/m/n' will be
(Font)              scaled to size 4.99947pt on input line 2.
)
\tf@toc=\write3
\openout3 = `_main.toc'.



[3]

[4

]
Chapter 1.


[5]

[6]

[7]

[8]

[9]
File: fig/Chapter-1/fig1.png Graphic file (type bmp)
<fig/Chapter-1/fig1.png>


[10]
File: fig/Chapter-1/fig2.png Graphic file (type bmp)
<fig/Chapter-1/fig2.png>
File: fig/Chapter-1/fig3.png Graphic file (type bmp)
<fig/Chapter-1/fig3.png>

Underfull \vbox (badness 10000) has occurred while \output is active []



[11]
File: fig/Chapter-1/fig4.png Graphic file (type bmp)
<fig/Chapter-1/fig4.png>


[12]
File: fig/Chapter-1/fig5.png Graphic file (type bmp)
<fig/Chapter-1/fig5.png>


[13]
File: fig/Chapter-1/fig7.png Graphic file (type bmp)
<fig/Chapter-1/fig7.png>


[14]

[15]

[16]

[17]

[18]

[19]

[20

]
Chapter 2.
File: fig/Ex1A/Ex1.png Graphic file (type bmp)
<fig/Ex1A/Ex1.png>
File: fig/Ex1A/Ex2.png Graphic file (type bmp)
<fig/Ex1A/Ex2.png>

Underfull \vbox (badness 1874) has occurred while \output is active []



[21]
Overfull \hbox (5.89001pt too wide) in paragraph at lines 768--769
[]\TU/lmr/m/n/10 Show that \(\lambda(\alpha + \beta) = \lambda\alpha + \lambda\beta\)
 []

File: fig/Ex1A/Ex4.png Graphic file (type bmp)
<fig/Ex1A/Ex4.png>

Underfull \vbox (badness 10000) has occurred while \output is active []



[22]
File: fig/Ex1A/Ex5.png Graphic file (type bmp)
<fig/Ex1A/Ex5.png>

Underfull \vbox (badness 10000) has occurred while \output is active []



[23]
File: fig/Ex1A/Ex6.png Graphic file (type bmp)
<fig/Ex1A/Ex6.png>

Underfull \vbox (badness 10000) has occurred while \output is active []



[24]
File: fig/Ex1A/Ex7.png Graphic file (type bmp)
<fig/Ex1A/Ex7.png>

Underfull \vbox (badness 10000) has occurred while \output is active []



[25]
File: fig/Ex1A/Ex8.png Graphic file (type bmp)
<fig/Ex1A/Ex8.png>

Underfull \vbox (badness 10000) has occurred while \output is active []



[26]
File: fig/Ex1A/Ex9.png Graphic file (type bmp)
<fig/Ex1A/Ex9.png>

Underfull \vbox (badness 10000) has occurred while \output is active []



[27]
File: fig/Ex1A/Ex10.png Graphic file (type bmp)
<fig/Ex1A/Ex10.png>


[28]
File: fig/Ex1B/Ex2.jpg Graphic file (type bmp)
<fig/Ex1B/Ex2.jpg>

Underfull \vbox (badness 10000) has occurred while \output is active []



[29]
File: fig/Ex1B/Ex3-1.jpg Graphic file (type bmp)
<fig/Ex1B/Ex3-1.jpg>

Underfull \vbox (badness 10000) has occurred while \output is active []



[30]
File: fig/Ex1B/Ex3-2.jpg Graphic file (type bmp)
<fig/Ex1B/Ex3-2.jpg>
File: fig/Ex1B/Ex4.png Graphic file (type bmp)
<fig/Ex1B/Ex4.png>

Underfull \vbox (badness 10000) has occurred while \output is active []



[31]
File: fig/Ex1B/Ex5-1.png Graphic file (type bmp)
<fig/Ex1B/Ex5-1.png>

Underfull \vbox (badness 10000) has occurred while \output is active []



[32]
File: fig/Ex1B/Ex5-2.png Graphic file (type bmp)
<fig/Ex1B/Ex5-2.png>

Underfull \vbox (badness 10000) has occurred while \output is active []



[33]
File: fig/Ex1B/Ex6.png Graphic file (type bmp)
<fig/Ex1B/Ex6.png>

Underfull \vbox (badness 10000) has occurred while \output is active []



[34]
File: fig/Ex1B/Ex7-1.png Graphic file (type bmp)
<fig/Ex1B/Ex7-1.png>

Underfull \vbox (badness 10000) has occurred while \output is active []



[35]
File: fig/Ex1B/Ex7-2.png Graphic file (type bmp)
<fig/Ex1B/Ex7-2.png>

Underfull \vbox (badness 10000) has occurred while \output is active []



[36]
File: fig/Ex1B/Ex7-3.png Graphic file (type bmp)
<fig/Ex1B/Ex7-3.png>

Underfull \vbox (badness 10000) has occurred while \output is active []



[37]
File: fig/Ex1B/Ex7-4.png Graphic file (type bmp)
<fig/Ex1B/Ex7-4.png>

Underfull \vbox (badness 10000) has occurred while \output is active []



[38]
File: fig/Ex1B/Ex8-1.png Graphic file (type bmp)
<fig/Ex1B/Ex8-1.png>

Underfull \vbox (badness 10000) has occurred while \output is active []



[39]
File: fig/Ex1B/Ex8-2.png Graphic file (type bmp)
<fig/Ex1B/Ex8-2.png>

Underfull \vbox (badness 10000) has occurred while \output is active []



[40]
File: fig/Ex1B/Ex8-3.png Graphic file (type bmp)
<fig/Ex1B/Ex8-3.png>

Underfull \vbox (badness 10000) has occurred while \output is active []



[41]
File: fig/Ex1B/Ex8-4.png Graphic file (type bmp)
<fig/Ex1B/Ex8-4.png>

Underfull \vbox (badness 10000) has occurred while \output is active []



[42]
File: fig/Ex1B/Ex8-5.png Graphic file (type bmp)
<fig/Ex1B/Ex8-5.png>
File: fig/Ex1C/Ex1-1.png Graphic file (type bmp)
<fig/Ex1C/Ex1-1.png>

Underfull \vbox (badness 1231) has occurred while \output is active []



[43]
File: fig/Ex1C/Ex1-2.png Graphic file (type bmp)
<fig/Ex1C/Ex1-2.png>

Underfull \vbox (badness 10000) has occurred while \output is active []



[44]
File: fig/Ex1C/Ex1-3.png Graphic file (type bmp)
<fig/Ex1C/Ex1-3.png>

Underfull \vbox (badness 10000) has occurred while \output is active []



[45]
File: fig/Ex1C/Ex2-a-1.png Graphic file (type bmp)
<fig/Ex1C/Ex2-a-1.png>

Underfull \vbox (badness 10000) has occurred while \output is active []



[46]
File: fig/Ex1C/Ex2-a-2.png Graphic file (type bmp)
<fig/Ex1C/Ex2-a-2.png>

Underfull \vbox (badness 10000) has occurred while \output is active []



[47]
File: fig/Ex1C/Ex2-1.png Graphic file (type bmp)
<fig/Ex1C/Ex2-1.png>

Underfull \vbox (badness 10000) has occurred while \output is active []



[48]
File: fig/Ex1C/Ex2-2.png Graphic file (type bmp)
<fig/Ex1C/Ex2-2.png>
File: fig/Ex1C/Ex2-3.png Graphic file (type bmp)
<fig/Ex1C/Ex2-3.png>

Underfull \vbox (badness 10000) has occurred while \output is active []



[49]
File: fig/Ex1C/Ex2-4.png Graphic file (type bmp)
<fig/Ex1C/Ex2-4.png>

Underfull \vbox (badness 10000) has occurred while \output is active []



[50]
Overfull \hbox (5.19838pt too wide) in paragraph at lines 934--935
[]\TU/lmr/bx/n/10 Statement 3 \TU/lmr/m/n/10 : The set of differentiable real-valued functions on \(\mathbb{R}\)
 []

File: fig/Ex1C/Ex2-c.png Graphic file (type bmp)
<fig/Ex1C/Ex2-c.png>

Underfull \vbox (badness 10000) has occurred while \output is active []



[51]
Overfull \hbox (15.36201pt too wide) in paragraph at lines 940--941
\TU/lmr/m/n/10 on the interval (0, 3) such that \(f’(2)=b\) is a subspace of \(\mathbb{R}^{(0,3)}\)
 []

File: fig/Ex1C/Ex2-d.png Graphic file (type bmp)
<fig/Ex1C/Ex2-d.png>

Underfull \vbox (badness 10000) has occurred while \output is active []



[52]
File: fig/Ex1C/Ex2-e.png Graphic file (type bmp)
<fig/Ex1C/Ex2-e.png>

Underfull \vbox (badness 10000) has occurred while \output is active []



[53]
File: fig/Ex1C/Ex3.png Graphic file (type bmp)
<fig/Ex1C/Ex3.png>

Underfull \vbox (badness 10000) has occurred while \output is active []



[54]
File: fig/Ex1C/Ex4.png Graphic file (type bmp)
<fig/Ex1C/Ex4.png>
File: fig/Ex1C/Ex4-2.png Graphic file (type bmp)
<fig/Ex1C/Ex4-2.png>

Underfull \vbox (badness 10000) has occurred while \output is active []



[55]
Underfull \vbox (badness 10000) has occurred while \output is active []



[56]
File: fig/Ex1C/Ex5.png Graphic file (type bmp)
<fig/Ex1C/Ex5.png>
File: fig/Ex1C/Ex/Ex-01.png Graphic file (type bmp)
<fig/Ex1C/Ex/Ex-01.png>
File: fig/Ex1C/Ex/Ex-02.png Graphic file (type bmp)
<fig/Ex1C/Ex/Ex-02.png>
File: fig/Ex1C/Ex/Ex-03.png Graphic file (type bmp)
<fig/Ex1C/Ex/Ex-03.png>
File: fig/Ex1C/Ex/Ex-04.png Graphic file (type bmp)
<fig/Ex1C/Ex/Ex-04.png>
File: fig/Ex1C/Ex/Ex-05.png Graphic file (type bmp)
<fig/Ex1C/Ex/Ex-05.png>
File: fig/Ex1C/Ex/Ex-06.png Graphic file (type bmp)
<fig/Ex1C/Ex/Ex-06.png>
File: fig/Ex1C/Ex/Ex-07.png Graphic file (type bmp)
<fig/Ex1C/Ex/Ex-07.png>
File: fig/Ex1C/Ex/Ex-08.png Graphic file (type bmp)
<fig/Ex1C/Ex/Ex-08.png>
File: fig/Ex1C/Ex/Ex-09.png Graphic file (type bmp)
<fig/Ex1C/Ex/Ex-09.png>
File: fig/Ex1C/Ex/Ex-10.png Graphic file (type bmp)
<fig/Ex1C/Ex/Ex-10.png>
File: fig/Ex1C/Ex/Ex-11.png Graphic file (type bmp)
<fig/Ex1C/Ex/Ex-11.png>
File: fig/Ex1C/Ex/Ex-12.png Graphic file (type bmp)
<fig/Ex1C/Ex/Ex-12.png>
File: fig/Ex1C/Ex/Ex-13.png Graphic file (type bmp)
<fig/Ex1C/Ex/Ex-13.png>
File: fig/Ex1C/Ex/Ex-14.png Graphic file (type bmp)
<fig/Ex1C/Ex/Ex-14.png>
File: fig/Ex1C/Ex/Ex-15.png Graphic file (type bmp)
<fig/Ex1C/Ex/Ex-15.png>
File: fig/Ex1C/Ex/Ex-16.png Graphic file (type bmp)
<fig/Ex1C/Ex/Ex-16.png>
File: fig/Ex1C/Ex/Ex-17.png Graphic file (type bmp)
<fig/Ex1C/Ex/Ex-17.png>
File: fig/Ex1C/Ex/Ex-18.png Graphic file (type bmp)
<fig/Ex1C/Ex/Ex-18.png>
File: fig/Ex1C/Ex/Ex-19.png Graphic file (type bmp)
<fig/Ex1C/Ex/Ex-19.png>
File: fig/Ex1C/Ex/Ex-20.png Graphic file (type bmp)
<fig/Ex1C/Ex/Ex-20.png>
File: fig/Ex1C/Ex/Ex-21.png Graphic file (type bmp)
<fig/Ex1C/Ex/Ex-21.png>
File: fig/Ex1C/Ex/Ex-22.png Graphic file (type bmp)
<fig/Ex1C/Ex/Ex-22.png>
File: fig/Ex1C/Ex/Ex-23.png Graphic file (type bmp)
<fig/Ex1C/Ex/Ex-23.png>
File: fig/Ex1C/Ex/Ex-24.png Graphic file (type bmp)
<fig/Ex1C/Ex/Ex-24.png>
File: fig/Ex1C/Ex/Ex-25.png Graphic file (type bmp)
<fig/Ex1C/Ex/Ex-25.png>
File: fig/Ex1C/Ex/Ex-26.png Graphic file (type bmp)
<fig/Ex1C/Ex/Ex-26.png>
File: fig/Ex1C/Ex/Ex-27.png Graphic file (type bmp)
<fig/Ex1C/Ex/Ex-27.png>
File: fig/Ex1C/Ex/Ex-28.png Graphic file (type bmp)
<fig/Ex1C/Ex/Ex-28.png>
File: fig/Ex1C/Ex/Ex-29.png Graphic file (type bmp)
<fig/Ex1C/Ex/Ex-29.png>
File: fig/Ex1C/Ex/Ex-30.png Graphic file (type bmp)
<fig/Ex1C/Ex/Ex-30.png>
File: fig/Ex1C/Ex/Ex-31.png Graphic file (type bmp)
<fig/Ex1C/Ex/Ex-31.png>
File: fig/Ex1C/Ex/Ex-32.png Graphic file (type bmp)
<fig/Ex1C/Ex/Ex-32.png>
File: fig/Ex1C/Ex/Ex-33.png Graphic file (type bmp)
<fig/Ex1C/Ex/Ex-33.png>
File: fig/Ex1C/Ex/Ex-34.png Graphic file (type bmp)
<fig/Ex1C/Ex/Ex-34.png>
File: fig/Ex1C/Ex/Ex-35.png Graphic file (type bmp)
<fig/Ex1C/Ex/Ex-35.png>

Underfull \hbox (badness 10000) in paragraph at lines 969--1005
[]
 []


Underfull \hbox (badness 10000) in paragraph at lines 969--1005
[]
 []


Underfull \hbox (badness 10000) in paragraph at lines 969--1005
[]
 []


Underfull \hbox (badness 10000) in paragraph at lines 969--1005
[]
 []


Underfull \hbox (badness 10000) in paragraph at lines 969--1005
[]
 []


Underfull \hbox (badness 10000) in paragraph at lines 969--1005
[]
 []


Underfull \hbox (badness 10000) in paragraph at lines 969--1005
[]
 []


Underfull \hbox (badness 10000) in paragraph at lines 969--1005
[]
 []


Underfull \hbox (badness 10000) in paragraph at lines 969--1005
[]
 []


Underfull \hbox (badness 10000) in paragraph at lines 969--1005
[]
 []


Underfull \hbox (badness 10000) in paragraph at lines 969--1005
[]
 []


Underfull \hbox (badness 10000) in paragraph at lines 969--1005
[]
 []


Underfull \hbox (badness 10000) in paragraph at lines 969--1005
[]
 []


Underfull \hbox (badness 10000) in paragraph at lines 969--1005
[]
 []


Underfull \hbox (badness 10000) in paragraph at lines 969--1005
[]
 []


Underfull \hbox (badness 10000) in paragraph at lines 969--1005
[]
 []


Underfull \hbox (badness 10000) in paragraph at lines 969--1005
[]
 []


Underfull \hbox (badness 10000) in paragraph at lines 969--1005
[]
 []


Underfull \hbox (badness 10000) in paragraph at lines 969--1005
[]
 []


Underfull \hbox (badness 10000) in paragraph at lines 969--1005
[]
 []


Underfull \hbox (badness 10000) in paragraph at lines 969--1005
[]
 []


Underfull \hbox (badness 10000) in paragraph at lines 969--1005
[]
 []


Underfull \hbox (badness 10000) in paragraph at lines 969--1005
[]
 []


Underfull \hbox (badness 10000) in paragraph at lines 969--1005
[]
 []


Underfull \hbox (badness 10000) in paragraph at lines 969--1005
[]
 []


Underfull \hbox (badness 10000) in paragraph at lines 969--1005
[]
 []


Underfull \hbox (badness 10000) in paragraph at lines 969--1005
[]
 []


Underfull \hbox (badness 10000) in paragraph at lines 969--1005
[]
 []


Underfull \hbox (badness 10000) in paragraph at lines 969--1005
[]
 []


Underfull \hbox (badness 10000) in paragraph at lines 969--1005
[]
 []


Underfull \hbox (badness 10000) in paragraph at lines 969--1005
[]
 []


Underfull \hbox (badness 10000) in paragraph at lines 969--1005
[]
 []


Underfull \hbox (badness 10000) in paragraph at lines 969--1005
[]
 []


Underfull \hbox (badness 10000) in paragraph at lines 969--1005
[]
 []


Underfull \vbox (badness 10000) has occurred while \output is active []



[57]
Underfull \vbox (badness 10000) has occurred while \output is active []



[58]
Underfull \vbox (badness 10000) has occurred while \output is active []



[59]
Underfull \vbox (badness 10000) has occurred while \output is active []



[60]
Underfull \vbox (badness 10000) has occurred while \output is active []



[61]
Underfull \vbox (badness 10000) has occurred while \output is active []



[62]
Underfull \vbox (badness 10000) has occurred while \output is active []



[63]
Underfull \vbox (badness 10000) has occurred while \output is active []



[64]
Underfull \vbox (badness 10000) has occurred while \output is active []



[65]
Underfull \vbox (badness 10000) has occurred while \output is active []



[66]
Underfull \vbox (badness 10000) has occurred while \output is active []



[67]
Underfull \vbox (badness 10000) has occurred while \output is active []



[68]
Underfull \vbox (badness 10000) has occurred while \output is active []



[69]
Underfull \vbox (badness 10000) has occurred while \output is active []



[70]
Underfull \vbox (badness 10000) has occurred while \output is active []



[71]
Underfull \vbox (badness 10000) has occurred while \output is active []



[72]
Underfull \vbox (badness 10000) has occurred while \output is active []



[73]
Underfull \vbox (badness 10000) has occurred while \output is active []



[74]
Underfull \vbox (badness 10000) has occurred while \output is active []



[75]
Underfull \vbox (badness 10000) has occurred while \output is active []



[76]
Underfull \vbox (badness 10000) has occurred while \output is active []



[77]
Underfull \vbox (badness 10000) has occurred while \output is active []



[78]
Underfull \vbox (badness 10000) has occurred while \output is active []



[79]
Underfull \vbox (badness 10000) has occurred while \output is active []



[80]
Underfull \vbox (badness 10000) has occurred while \output is active []



[81]
Underfull \vbox (badness 10000) has occurred while \output is active []



[82]
Underfull \vbox (badness 10000) has occurred while \output is active []



[83]
Underfull \vbox (badness 10000) has occurred while \output is active []



[84]
Underfull \vbox (badness 10000) has occurred while \output is active []



[85]
Underfull \vbox (badness 10000) has occurred while \output is active []



[86]
Underfull \vbox (badness 10000) has occurred while \output is active []



[87]
Underfull \vbox (badness 10000) has occurred while \output is active []



[88]
Underfull \vbox (badness 10000) has occurred while \output is active []



[89]
Underfull \vbox (badness 10000) has occurred while \output is active []



[90]
Underfull \vbox (badness 10000) has occurred while \output is active []



[91]
Underfull \vbox (badness 10000) has occurred while \output is active []



[92]

[93]

[94

]
Chapter 3.
File: fig/Ex2A/Ex2A-01.png Graphic file (type bmp)
<fig/Ex2A/Ex2A-01.png>
File: fig/Ex2A/Ex2A-02.png Graphic file (type bmp)
<fig/Ex2A/Ex2A-02.png>
File: fig/Ex2A/Ex2A-03.png Graphic file (type bmp)
<fig/Ex2A/Ex2A-03.png>
File: fig/Ex2A/Ex2A-04.png Graphic file (type bmp)
<fig/Ex2A/Ex2A-04.png>
File: fig/Ex2A/Ex2A-05.png Graphic file (type bmp)
<fig/Ex2A/Ex2A-05.png>
File: fig/Ex2A/Ex2A-06.png Graphic file (type bmp)
<fig/Ex2A/Ex2A-06.png>
File: fig/Ex2A/Ex2A-07.png Graphic file (type bmp)
<fig/Ex2A/Ex2A-07.png>
File: fig/Ex2A/Ex2A-08.png Graphic file (type bmp)
<fig/Ex2A/Ex2A-08.png>
File: fig/Ex2A/Ex2A-09.png Graphic file (type bmp)
<fig/Ex2A/Ex2A-09.png>
File: fig/Ex2A/Ex2A-10.png Graphic file (type bmp)
<fig/Ex2A/Ex2A-10.png>
File: fig/Ex2A/Ex2A-11.png Graphic file (type bmp)
<fig/Ex2A/Ex2A-11.png>
File: fig/Ex2A/Ex2A-12.png Graphic file (type bmp)
<fig/Ex2A/Ex2A-12.png>
File: fig/Ex2A/Ex2A-13.png Graphic file (type bmp)
<fig/Ex2A/Ex2A-13.png>
File: fig/Ex2A/Ex2A-14.png Graphic file (type bmp)
<fig/Ex2A/Ex2A-14.png>
File: fig/Ex2A/Ex2A-15.png Graphic file (type bmp)
<fig/Ex2A/Ex2A-15.png>
File: fig/Ex2A/Ex2A-16.png Graphic file (type bmp)
<fig/Ex2A/Ex2A-16.png>
File: fig/Ex2A/Ex2A-17.png Graphic file (type bmp)
<fig/Ex2A/Ex2A-17.png>
File: fig/Ex2A/Ex2A-18.png Graphic file (type bmp)
<fig/Ex2A/Ex2A-18.png>
File: fig/Ex2A/Ex2A-19.png Graphic file (type bmp)
<fig/Ex2A/Ex2A-19.png>
File: fig/Ex2A/Ex2A-20.png Graphic file (type bmp)
<fig/Ex2A/Ex2A-20.png>
File: fig/Ex2A/Ex2A-21.png Graphic file (type bmp)
<fig/Ex2A/Ex2A-21.png>
File: fig/Ex2A/Ex2A-22.png Graphic file (type bmp)
<fig/Ex2A/Ex2A-22.png>
File: fig/Ex2A/Ex2A-23.png Graphic file (type bmp)
<fig/Ex2A/Ex2A-23.png>
File: fig/Ex2A/Ex2A-24.png Graphic file (type bmp)
<fig/Ex2A/Ex2A-24.png>
File: fig/Ex2A/Ex2A-25.png Graphic file (type bmp)
<fig/Ex2A/Ex2A-25.png>
File: fig/Ex2A/Ex2A-26.png Graphic file (type bmp)
<fig/Ex2A/Ex2A-26.png>

Underfull \vbox (badness 10000) has occurred while \output is active []



[95]
Overfull \vbox (710.84912pt too high) has occurred while \output is active []




Overfull \hbox (3.54674pt too wide) has occurred while \output is active
\TU/lmr/m/n/10 96 \TU/lmr/m/sl/10 CHAPTER 3.  EXERCISE 02 (FINITE-DIMENSIONAL VECTOR SPACES)
 []

[96]
Underfull \vbox (badness 10000) has occurred while \output is active []



[97]
Underfull \vbox (badness 10000) has occurred while \output is active []




Overfull \hbox (3.54674pt too wide) has occurred while \output is active
\TU/lmr/m/n/10 98 \TU/lmr/m/sl/10 CHAPTER 3.  EXERCISE 02 (FINITE-DIMENSIONAL VECTOR SPACES)
 []

[98]
Underfull \vbox (badness 10000) has occurred while \output is active []



[99]
Underfull \vbox (badness 10000) has occurred while \output is active []




Overfull \hbox (8.54674pt too wide) has occurred while \output is active
\TU/lmr/m/n/10 100 \TU/lmr/m/sl/10 CHAPTER 3.  EXERCISE 02 (FINITE-DIMENSIONAL VECTOR SPACES)
 []

[100]
Underfull \vbox (badness 10000) has occurred while \output is active []



[101]
Underfull \vbox (badness 10000) has occurred while \output is active []




Overfull \hbox (8.54674pt too wide) has occurred while \output is active
\TU/lmr/m/n/10 102 \TU/lmr/m/sl/10 CHAPTER 3.  EXERCISE 02 (FINITE-DIMENSIONAL VECTOR SPACES)
 []

[102]
Underfull \vbox (badness 10000) has occurred while \output is active []



[103]
Underfull \vbox (badness 10000) has occurred while \output is active []




Overfull \hbox (8.54674pt too wide) has occurred while \output is active
\TU/lmr/m/n/10 104 \TU/lmr/m/sl/10 CHAPTER 3.  EXERCISE 02 (FINITE-DIMENSIONAL VECTOR SPACES)
 []

[104]
Underfull \vbox (badness 10000) has occurred while \output is active []



[105]
Underfull \vbox (badness 10000) has occurred while \output is active []




Overfull \hbox (8.54674pt too wide) has occurred while \output is active
\TU/lmr/m/n/10 106 \TU/lmr/m/sl/10 CHAPTER 3.  EXERCISE 02 (FINITE-DIMENSIONAL VECTOR SPACES)
 []

[106]
Underfull \vbox (badness 10000) has occurred while \output is active []



[107]
Underfull \vbox (badness 10000) has occurred while \output is active []




Overfull \hbox (8.54674pt too wide) has occurred while \output is active
\TU/lmr/m/n/10 108 \TU/lmr/m/sl/10 CHAPTER 3.  EXERCISE 02 (FINITE-DIMENSIONAL VECTOR SPACES)
 []

[108]
Underfull \vbox (badness 10000) has occurred while \output is active []



[109]
Underfull \vbox (badness 10000) has occurred while \output is active []




Overfull \hbox (8.54674pt too wide) has occurred while \output is active
\TU/lmr/m/n/10 110 \TU/lmr/m/sl/10 CHAPTER 3.  EXERCISE 02 (FINITE-DIMENSIONAL VECTOR SPACES)
 []

[110]
Underfull \vbox (badness 10000) has occurred while \output is active []



[111]
Underfull \vbox (badness 10000) has occurred while \output is active []




Overfull \hbox (8.54674pt too wide) has occurred while \output is active
\TU/lmr/m/n/10 112 \TU/lmr/m/sl/10 CHAPTER 3.  EXERCISE 02 (FINITE-DIMENSIONAL VECTOR SPACES)
 []

[112]
Underfull \vbox (badness 10000) has occurred while \output is active []



[113]
Underfull \vbox (badness 10000) has occurred while \output is active []




Overfull \hbox (8.54674pt too wide) has occurred while \output is active
\TU/lmr/m/n/10 114 \TU/lmr/m/sl/10 CHAPTER 3.  EXERCISE 02 (FINITE-DIMENSIONAL VECTOR SPACES)
 []

[114]
Underfull \vbox (badness 10000) has occurred while \output is active []



[115]
Underfull \vbox (badness 10000) has occurred while \output is active []




Overfull \hbox (8.54674pt too wide) has occurred while \output is active
\TU/lmr/m/n/10 116 \TU/lmr/m/sl/10 CHAPTER 3.  EXERCISE 02 (FINITE-DIMENSIONAL VECTOR SPACES)
 []

[116]
Underfull \vbox (badness 10000) has occurred while \output is active []



[117]
Underfull \vbox (badness 10000) has occurred while \output is active []




Overfull \hbox (8.54674pt too wide) has occurred while \output is active
\TU/lmr/m/n/10 118 \TU/lmr/m/sl/10 CHAPTER 3.  EXERCISE 02 (FINITE-DIMENSIONAL VECTOR SPACES)
 []

[118]
Underfull \vbox (badness 10000) has occurred while \output is active []



[119]
Underfull \vbox (badness 10000) has occurred while \output is active []




Overfull \hbox (8.54674pt too wide) has occurred while \output is active
\TU/lmr/m/n/10 120 \TU/lmr/m/sl/10 CHAPTER 3.  EXERCISE 02 (FINITE-DIMENSIONAL VECTOR SPACES)
 []

[120]
Overfull \hbox (113.56387pt too wide) detected at line 1097
[]
 []


Overfull \hbox (148.52103pt too wide) in paragraph at lines 1099--1100
[]\TU/lmr/m/n/10 Since $[][][] [][][][] [][] [] []$, we have established that the list $[][][] [][] [][] [][] [][][] [][][] [][] [][] [][] [][][] [][][] [][] [][] [][] [][][] [][][] [][] [][] [][] [][][] [][][] [][] [][] [][] [][]$
 []


Overfull \hbox (67.41368pt too wide) detected at line 1108
[]
 []



[121]


Overfull \hbox (8.54674pt too wide) has occurred while \output is active
\TU/lmr/m/n/10 122 \TU/lmr/m/sl/10 CHAPTER 3.  EXERCISE 02 (FINITE-DIMENSIONAL VECTOR SPACES)
 []

[122]
File: fig/Ex 2B and 2C/EX2B (1).png Graphic file (type bmp)
<fig/Ex 2B and 2C/EX2B (1).png>
File: fig/Ex 2B and 2C/EX2B (2).png Graphic file (type bmp)
<fig/Ex 2B and 2C/EX2B (2).png>
File: fig/Ex 2B and 2C/EX2B (3).png Graphic file (type bmp)
<fig/Ex 2B and 2C/EX2B (3).png>
File: fig/Ex 2B and 2C/EX2B (4).png Graphic file (type bmp)
<fig/Ex 2B and 2C/EX2B (4).png>
File: fig/Ex 2B and 2C/EX2B (5).png Graphic file (type bmp)
<fig/Ex 2B and 2C/EX2B (5).png>
File: fig/Ex 2B and 2C/EX2B (6).png Graphic file (type bmp)
<fig/Ex 2B and 2C/EX2B (6).png>
File: fig/Ex 2B and 2C/EX2B (7).png Graphic file (type bmp)
<fig/Ex 2B and 2C/EX2B (7).png>
File: fig/Ex 2B and 2C/EX2B (8).png Graphic file (type bmp)
<fig/Ex 2B and 2C/EX2B (8).png>
File: fig/Ex 2B and 2C/EX2B (9).png Graphic file (type bmp)
<fig/Ex 2B and 2C/EX2B (9).png>
File: fig/Ex 2B and 2C/EX2B (10).png Graphic file (type bmp)
<fig/Ex 2B and 2C/EX2B (10).png>
File: fig/Ex 2B and 2C/EX2B (11).png Graphic file (type bmp)
<fig/Ex 2B and 2C/EX2B (11).png>
File: fig/Ex 2B and 2C/EX2B (12).png Graphic file (type bmp)
<fig/Ex 2B and 2C/EX2B (12).png>
File: fig/Ex 2B and 2C/EX2B (13).png Graphic file (type bmp)
<fig/Ex 2B and 2C/EX2B (13).png>
File: fig/Ex 2B and 2C/EX2B (14).png Graphic file (type bmp)
<fig/Ex 2B and 2C/EX2B (14).png>
File: fig/Ex 2B and 2C/EX2B (15).png Graphic file (type bmp)
<fig/Ex 2B and 2C/EX2B (15).png>
File: fig/Ex 2B and 2C/EX2B (16).png Graphic file (type bmp)
<fig/Ex 2B and 2C/EX2B (16).png>
File: fig/Ex 2B and 2C/EX2B (17).png Graphic file (type bmp)
<fig/Ex 2B and 2C/EX2B (17).png>
File: fig/Ex 2B and 2C/EX2B (18).png Graphic file (type bmp)
<fig/Ex 2B and 2C/EX2B (18).png>
File: fig/Ex 2B and 2C/EX2B (19).png Graphic file (type bmp)
<fig/Ex 2B and 2C/EX2B (19).png>
File: fig/Ex 2B and 2C/EX2B (20).png Graphic file (type bmp)
<fig/Ex 2B and 2C/EX2B (20).png>
File: fig/Ex 2B and 2C/EX2B (21).png Graphic file (type bmp)
<fig/Ex 2B and 2C/EX2B (21).png>
File: fig/Ex 2B and 2C/EX2B (22).png Graphic file (type bmp)
<fig/Ex 2B and 2C/EX2B (22).png>
File: fig/Ex 2B and 2C/EX2B (23).png Graphic file (type bmp)
<fig/Ex 2B and 2C/EX2B (23).png>
File: fig/Ex 2B and 2C/EX2B (24).png Graphic file (type bmp)
<fig/Ex 2B and 2C/EX2B (24).png>

Underfull \vbox (badness 10000) has occurred while \output is active []



[123]
Underfull \vbox (badness 10000) has occurred while \output is active []




Overfull \hbox (8.54674pt too wide) has occurred while \output is active
\TU/lmr/m/n/10 124 \TU/lmr/m/sl/10 CHAPTER 3.  EXERCISE 02 (FINITE-DIMENSIONAL VECTOR SPACES)
 []

[124]
Underfull \vbox (badness 10000) has occurred while \output is active []



[125]
Underfull \vbox (badness 10000) has occurred while \output is active []




Overfull \hbox (8.54674pt too wide) has occurred while \output is active
\TU/lmr/m/n/10 126 \TU/lmr/m/sl/10 CHAPTER 3.  EXERCISE 02 (FINITE-DIMENSIONAL VECTOR SPACES)
 []

[126]
Underfull \vbox (badness 10000) has occurred while \output is active []



[127]
Underfull \vbox (badness 10000) has occurred while \output is active []




Overfull \hbox (8.54674pt too wide) has occurred while \output is active
\TU/lmr/m/n/10 128 \TU/lmr/m/sl/10 CHAPTER 3.  EXERCISE 02 (FINITE-DIMENSIONAL VECTOR SPACES)
 []

[128]
Underfull \vbox (badness 10000) has occurred while \output is active []



[129]
Underfull \vbox (badness 10000) has occurred while \output is active []




Overfull \hbox (8.54674pt too wide) has occurred while \output is active
\TU/lmr/m/n/10 130 \TU/lmr/m/sl/10 CHAPTER 3.  EXERCISE 02 (FINITE-DIMENSIONAL VECTOR SPACES)
 []

[130]
Underfull \vbox (badness 10000) has occurred while \output is active []



[131]
Underfull \vbox (badness 10000) has occurred while \output is active []




Overfull \hbox (8.54674pt too wide) has occurred while \output is active
\TU/lmr/m/n/10 132 \TU/lmr/m/sl/10 CHAPTER 3.  EXERCISE 02 (FINITE-DIMENSIONAL VECTOR SPACES)
 []

[132]
Underfull \vbox (badness 10000) has occurred while \output is active []



[133]
Underfull \vbox (badness 10000) has occurred while \output is active []




Overfull \hbox (8.54674pt too wide) has occurred while \output is active
\TU/lmr/m/n/10 134 \TU/lmr/m/sl/10 CHAPTER 3.  EXERCISE 02 (FINITE-DIMENSIONAL VECTOR SPACES)
 []

[134]
Underfull \vbox (badness 10000) has occurred while \output is active []



[135]
Underfull \vbox (badness 10000) has occurred while \output is active []




Overfull \hbox (8.54674pt too wide) has occurred while \output is active
\TU/lmr/m/n/10 136 \TU/lmr/m/sl/10 CHAPTER 3.  EXERCISE 02 (FINITE-DIMENSIONAL VECTOR SPACES)
 []

[136]
Underfull \vbox (badness 10000) has occurred while \output is active []



[137]
Underfull \vbox (badness 10000) has occurred while \output is active []




Overfull \hbox (8.54674pt too wide) has occurred while \output is active
\TU/lmr/m/n/10 138 \TU/lmr/m/sl/10 CHAPTER 3.  EXERCISE 02 (FINITE-DIMENSIONAL VECTOR SPACES)
 []

[138]
Underfull \vbox (badness 10000) has occurred while \output is active []



[139]
Underfull \vbox (badness 10000) has occurred while \output is active []




Overfull \hbox (8.54674pt too wide) has occurred while \output is active
\TU/lmr/m/n/10 140 \TU/lmr/m/sl/10 CHAPTER 3.  EXERCISE 02 (FINITE-DIMENSIONAL VECTOR SPACES)
 []

[140]
Underfull \vbox (badness 10000) has occurred while \output is active []



[141]
Underfull \vbox (badness 10000) has occurred while \output is active []




Overfull \hbox (8.54674pt too wide) has occurred while \output is active
\TU/lmr/m/n/10 142 \TU/lmr/m/sl/10 CHAPTER 3.  EXERCISE 02 (FINITE-DIMENSIONAL VECTOR SPACES)
 []

[142]
Underfull \vbox (badness 10000) has occurred while \output is active []



[143]
Underfull \vbox (badness 10000) has occurred while \output is active []




Overfull \hbox (8.54674pt too wide) has occurred while \output is active
\TU/lmr/m/n/10 144 \TU/lmr/m/sl/10 CHAPTER 3.  EXERCISE 02 (FINITE-DIMENSIONAL VECTOR SPACES)
 []

[144]
Underfull \vbox (badness 10000) has occurred while \output is active []



[145]
File: fig/Ex 2B and 2C/Ex 2c (1).png Graphic file (type bmp)
<fig/Ex 2B and 2C/Ex 2c (1).png>
File: fig/Ex 2B and 2C/Ex 2c (2).png Graphic file (type bmp)
<fig/Ex 2B and 2C/Ex 2c (2).png>
File: fig/Ex 2B and 2C/Ex 2c (3).png Graphic file (type bmp)
<fig/Ex 2B and 2C/Ex 2c (3).png>
File: fig/Ex 2B and 2C/Ex 2c (4).png Graphic file (type bmp)
<fig/Ex 2B and 2C/Ex 2c (4).png>
File: fig/Ex 2B and 2C/Ex 2c (5).png Graphic file (type bmp)
<fig/Ex 2B and 2C/Ex 2c (5).png>
File: fig/Ex 2B and 2C/Ex 2c (6).png Graphic file (type bmp)
<fig/Ex 2B and 2C/Ex 2c (6).png>
File: fig/Ex 2B and 2C/Ex 2c (7).png Graphic file (type bmp)
<fig/Ex 2B and 2C/Ex 2c (7).png>
File: fig/Ex 2B and 2C/Ex 2c (8).png Graphic file (type bmp)
<fig/Ex 2B and 2C/Ex 2c (8).png>
File: fig/Ex 2B and 2C/Ex 2c (9).png Graphic file (type bmp)
<fig/Ex 2B and 2C/Ex 2c (9).png>
File: fig/Ex 2B and 2C/Ex 2c (10).png Graphic file (type bmp)
<fig/Ex 2B and 2C/Ex 2c (10).png>
File: fig/Ex 2B and 2C/Ex 2c (11).png Graphic file (type bmp)
<fig/Ex 2B and 2C/Ex 2c (11).png>
File: fig/Ex 2B and 2C/Ex 2c (12).png Graphic file (type bmp)
<fig/Ex 2B and 2C/Ex 2c (12).png>
File: fig/Ex 2B and 2C/Ex 2c (13).png Graphic file (type bmp)
<fig/Ex 2B and 2C/Ex 2c (13).png>
File: fig/Ex 2B and 2C/Ex 2c (14).png Graphic file (type bmp)
<fig/Ex 2B and 2C/Ex 2c (14).png>
File: fig/Ex 2B and 2C/Ex 2c (15).png Graphic file (type bmp)
<fig/Ex 2B and 2C/Ex 2c (15).png>
File: fig/Ex 2B and 2C/Ex 2c (16).png Graphic file (type bmp)
<fig/Ex 2B and 2C/Ex 2c (16).png>
File: fig/Ex 2B and 2C/Ex 2c (17).png Graphic file (type bmp)
<fig/Ex 2B and 2C/Ex 2c (17).png>
File: fig/Ex 2B and 2C/Ex 2c (18).png Graphic file (type bmp)
<fig/Ex 2B and 2C/Ex 2c (18).png>
File: fig/Ex 2B and 2C/Ex 2c (19).png Graphic file (type bmp)
<fig/Ex 2B and 2C/Ex 2c (19).png>
File: fig/Ex 2B and 2C/Ex 2c (20).png Graphic file (type bmp)
<fig/Ex 2B and 2C/Ex 2c (20).png>
File: fig/Ex 2B and 2C/Ex 2c (21).png Graphic file (type bmp)
<fig/Ex 2B and 2C/Ex 2c (21).png>
File: fig/Ex 2B and 2C/Ex 2c (22).png Graphic file (type bmp)
<fig/Ex 2B and 2C/Ex 2c (22).png>
File: fig/Ex 2B and 2C/Ex 2c (23).png Graphic file (type bmp)
<fig/Ex 2B and 2C/Ex 2c (23).png>
File: fig/Ex 2B and 2C/Ex 2c (24).png Graphic file (type bmp)
<fig/Ex 2B and 2C/Ex 2c (24).png>
File: fig/Ex 2B and 2C/Ex 2c (25).png Graphic file (type bmp)
<fig/Ex 2B and 2C/Ex 2c (25).png>
File: fig/Ex 2B and 2C/Ex 2c (26).png Graphic file (type bmp)
<fig/Ex 2B and 2C/Ex 2c (26).png>
File: fig/Ex 2B and 2C/Ex 2c (27).png Graphic file (type bmp)
<fig/Ex 2B and 2C/Ex 2c (27).png>
File: fig/Ex 2B and 2C/Ex 2c (28).png Graphic file (type bmp)
<fig/Ex 2B and 2C/Ex 2c (28).png>
File: fig/Ex 2B and 2C/Ex 2c (29).png Graphic file (type bmp)
<fig/Ex 2B and 2C/Ex 2c (29).png>
File: fig/Ex 2B and 2C/Ex 2c (30).png Graphic file (type bmp)
<fig/Ex 2B and 2C/Ex 2c (30).png>
File: fig/Ex 2B and 2C/Ex 2c (31).png Graphic file (type bmp)
<fig/Ex 2B and 2C/Ex 2c (31).png>
File: fig/Ex 2B and 2C/Ex 2c (32).png Graphic file (type bmp)
<fig/Ex 2B and 2C/Ex 2c (32).png>
File: fig/Ex 2B and 2C/Ex 2c (33).png Graphic file (type bmp)
<fig/Ex 2B and 2C/Ex 2c (33).png>
File: fig/Ex 2B and 2C/Ex 2c (34).png Graphic file (type bmp)
<fig/Ex 2B and 2C/Ex 2c (34).png>
File: fig/Ex 2B and 2C/Ex 2c (35).png Graphic file (type bmp)
<fig/Ex 2B and 2C/Ex 2c (35).png>
File: fig/Ex 2B and 2C/Ex 2c (36).png Graphic file (type bmp)
<fig/Ex 2B and 2C/Ex 2c (36).png>
File: fig/Ex 2B and 2C/Ex 2c (37).png Graphic file (type bmp)
<fig/Ex 2B and 2C/Ex 2c (37).png>
File: fig/Ex 2B and 2C/Ex 2c (38).png Graphic file (type bmp)
<fig/Ex 2B and 2C/Ex 2c (38).png>
File: fig/Ex 2B and 2C/Ex 2c (39).png Graphic file (type bmp)
<fig/Ex 2B and 2C/Ex 2c (39).png>
File: fig/Ex 2B and 2C/Ex 2c (40).png Graphic file (type bmp)
<fig/Ex 2B and 2C/Ex 2c (40).png>
File: fig/Ex 2B and 2C/Ex 2c (41).png Graphic file (type bmp)
<fig/Ex 2B and 2C/Ex 2c (41).png>
File: fig/Ex 2B and 2C/Ex 2c (42).png Graphic file (type bmp)
<fig/Ex 2B and 2C/Ex 2c (42).png>
File: fig/Ex 2B and 2C/Ex 2c (43).png Graphic file (type bmp)
<fig/Ex 2B and 2C/Ex 2c (43).png>
File: fig/Ex 2B and 2C/Ex 2c (44).png Graphic file (type bmp)
<fig/Ex 2B and 2C/Ex 2c (44).png>
File: fig/Ex 2B and 2C/Ex 2c (45).png Graphic file (type bmp)
<fig/Ex 2B and 2C/Ex 2c (45).png>
File: fig/Ex 2B and 2C/Ex 2c (46).png Graphic file (type bmp)
<fig/Ex 2B and 2C/Ex 2c (46).png>
File: fig/Ex 2B and 2C/Ex 2c (47).png Graphic file (type bmp)
<fig/Ex 2B and 2C/Ex 2c (47).png>
File: fig/Ex 2B and 2C/Ex 2c (48).png Graphic file (type bmp)
<fig/Ex 2B and 2C/Ex 2c (48).png>
File: fig/Ex 2B and 2C/Ex 2c (49).png Graphic file (type bmp)
<fig/Ex 2B and 2C/Ex 2c (49).png>
File: fig/Ex 2B and 2C/Ex 2c (50).png Graphic file (type bmp)
<fig/Ex 2B and 2C/Ex 2c (50).png>
File: fig/Ex 2B and 2C/Ex 2c (51).png Graphic file (type bmp)
<fig/Ex 2B and 2C/Ex 2c (51).png>
File: fig/Ex 2B and 2C/Ex 2c (52).png Graphic file (type bmp)
<fig/Ex 2B and 2C/Ex 2c (52).png>
File: fig/Ex 2B and 2C/Ex 2c (53).png Graphic file (type bmp)
<fig/Ex 2B and 2C/Ex 2c (53).png>
File: fig/Ex 2B and 2C/Ex 2c (54).png Graphic file (type bmp)
<fig/Ex 2B and 2C/Ex 2c (54).png>

Underfull \vbox (badness 10000) has occurred while \output is active []




Overfull \hbox (8.54674pt too wide) has occurred while \output is active
\TU/lmr/m/n/10 146 \TU/lmr/m/sl/10 CHAPTER 3.  EXERCISE 02 (FINITE-DIMENSIONAL VECTOR SPACES)
 []

[146]
Underfull \vbox (badness 10000) has occurred while \output is active []



[147]
Overfull \vbox (374.28539pt too high) has occurred while \output is active []




Overfull \hbox (8.54674pt too wide) has occurred while \output is active
\TU/lmr/m/n/10 148 \TU/lmr/m/sl/10 CHAPTER 3.  EXERCISE 02 (FINITE-DIMENSIONAL VECTOR SPACES)
 []

[148]
Underfull \vbox (badness 10000) has occurred while \output is active []



[149]
Underfull \vbox (badness 10000) has occurred while \output is active []




Overfull \hbox (8.54674pt too wide) has occurred while \output is active
\TU/lmr/m/n/10 150 \TU/lmr/m/sl/10 CHAPTER 3.  EXERCISE 02 (FINITE-DIMENSIONAL VECTOR SPACES)
 []

[150]
Underfull \vbox (badness 10000) has occurred while \output is active []



[151]
Underfull \vbox (badness 10000) has occurred while \output is active []




Overfull \hbox (8.54674pt too wide) has occurred while \output is active
\TU/lmr/m/n/10 152 \TU/lmr/m/sl/10 CHAPTER 3.  EXERCISE 02 (FINITE-DIMENSIONAL VECTOR SPACES)
 []

[152]
Underfull \vbox (badness 10000) has occurred while \output is active []



[153]
Underfull \vbox (badness 10000) has occurre